Using pre-set license
Built from '2022.3/staging' branch; Version is '2022.3.27f1 (73effa14754f) revision 7598074'; Using compiler version '192829333'; Build Type 'Release'
OS: 'Windows 11  (10.0.22631) 64bit Core' Language: 'en' Physical Memory: 32694 MB
BatchMode: 1, IsHumanControllingUs: 0, StartBugReporterOnCrash: 0, Is64bit: 1, IsPro: 1

COMMAND LINE ARGUMENTS:
C:\Program Files\Unity\Hub\Editor\2022.3.27f1\Editor\Unity.exe
-adb2
-batchMode
-noUpm
-name
AssetImportWorker0
-projectPath
D:/Repos/AlbertaGameJam2024/ABGJ
-logFile
Logs/AssetImportWorker0.log
-srvPort
50889
Successfully changed project path to: D:/Repos/AlbertaGameJam2024/ABGJ
D:/Repos/AlbertaGameJam2024/ABGJ
[UnityMemory] Configuration Parameters - Can be set up in boot.config
    "memorysetup-bucket-allocator-granularity=16"
    "memorysetup-bucket-allocator-bucket-count=8"
    "memorysetup-bucket-allocator-block-size=33554432"
    "memorysetup-bucket-allocator-block-count=8"
    "memorysetup-main-allocator-block-size=16777216"
    "memorysetup-thread-allocator-block-size=16777216"
    "memorysetup-gfx-main-allocator-block-size=16777216"
    "memorysetup-gfx-thread-allocator-block-size=16777216"
    "memorysetup-cache-allocator-block-size=4194304"
    "memorysetup-typetree-allocator-block-size=2097152"
    "memorysetup-profiler-bucket-allocator-granularity=16"
    "memorysetup-profiler-bucket-allocator-bucket-count=8"
    "memorysetup-profiler-bucket-allocator-block-size=33554432"
    "memorysetup-profiler-bucket-allocator-block-count=8"
    "memorysetup-profiler-allocator-block-size=16777216"
    "memorysetup-profiler-editor-allocator-block-size=1048576"
    "memorysetup-temp-allocator-size-main=16777216"
    "memorysetup-job-temp-allocator-block-size=2097152"
    "memorysetup-job-temp-allocator-block-size-background=1048576"
    "memorysetup-job-temp-allocator-reduction-small-platforms=262144"
    "memorysetup-allocator-temp-initial-block-size-main=262144"
    "memorysetup-allocator-temp-initial-block-size-worker=262144"
    "memorysetup-temp-allocator-size-background-worker=32768"
    "memorysetup-temp-allocator-size-job-worker=262144"
    "memorysetup-temp-allocator-size-preload-manager=33554432"
    "memorysetup-temp-allocator-size-nav-mesh-worker=65536"
    "memorysetup-temp-allocator-size-audio-worker=65536"
    "memorysetup-temp-allocator-size-cloud-worker=32768"
    "memorysetup-temp-allocator-size-gi-baking-worker=262144"
    "memorysetup-temp-allocator-size-gfx=262144"
Player connection [25448] Host "[IP] 192.168.2.167 [Port] 0 [Flags] 2 [Guid] 2702544787 [EditorId] 2702544787 [Version] 1048832 [Id] WindowsEditor(7,RyanPC) [Debug] 1 [PackageName] WindowsEditor [ProjectName] Editor" joined multi-casting on [225.0.0.222:54997]...

Player connection [25448] Host "[IP] 192.168.2.167 [Port] 0 [Flags] 2 [Guid] 2702544787 [EditorId] 2702544787 [Version] 1048832 [Id] WindowsEditor(7,RyanPC) [Debug] 1 [PackageName] WindowsEditor [ProjectName] Editor" joined alternative multi-casting on [225.0.0.222:34997]...

[Physics::Module] Initialized MultithreadedJobDispatcher with 15 workers.
Refreshing native plugins compatible for Editor in 17.13 ms, found 4 plugins.
Preloading 0 native plugins for Editor in 0.00 ms.
Initialize engine version: 2022.3.27f1 (73effa14754f)
[Subsystems] Discovering subsystems at path C:/Program Files/Unity/Hub/Editor/2022.3.27f1/Editor/Data/Resources/UnitySubsystems
[Subsystems] Discovering subsystems at path D:/Repos/AlbertaGameJam2024/ABGJ/Assets
GfxDevice: creating device client; threaded=0; jobified=0
Direct3D:
    Version:  Direct3D 11.0 [level 11.1]
    Renderer: NVIDIA GeForce RTX 4070 Ti (ID=0x2782)
    Vendor:   NVIDIA
    VRAM:     11996 MB
    Driver:   32.0.15.6081
Initialize mono
Mono path[0] = 'C:/Program Files/Unity/Hub/Editor/2022.3.27f1/Editor/Data/Managed'
Mono path[1] = 'C:/Program Files/Unity/Hub/Editor/2022.3.27f1/Editor/Data/MonoBleedingEdge/lib/mono/unityjit-win32'
Mono config path = 'C:/Program Files/Unity/Hub/Editor/2022.3.27f1/Editor/Data/MonoBleedingEdge/etc'
Using monoOptions --debugger-agent=transport=dt_socket,embedding=1,server=y,suspend=n,address=127.0.0.1:56224
Begin MonoManager ReloadAssembly
Registering precompiled unity dll's ...
Register platform support module: C:/Program Files/Unity/Hub/Editor/2022.3.27f1/Editor/Data/PlaybackEngines/WebGLSupport/UnityEditor.WebGL.Extensions.dll
Register platform support module: C:/Program Files/Unity/Hub/Editor/2022.3.27f1/Editor/Data/PlaybackEngines/AndroidPlayer/UnityEditor.Android.Extensions.dll
Register platform support module: C:/Program Files/Unity/Hub/Editor/2022.3.27f1/Editor/Data/PlaybackEngines/WindowsStandaloneSupport/UnityEditor.WindowsStandalone.Extensions.dll
Registered in 0.014095 seconds.
- Loaded All Assemblies, in  0.468 seconds
Native extension for WindowsStandalone target not found
Native extension for Android target not found
Android Extension - Scanning For ADB Devices 673 ms
Native extension for WebGL target not found
Mono: successfully reloaded assembly
- Finished resetting the current domain, in  0.948 seconds
Domain Reload Profiling: 1412ms
	BeginReloadAssembly (170ms)
		ExecutionOrderSort (0ms)
		DisableScriptedObjects (0ms)
		BackupInstance (0ms)
		ReleaseScriptingObjects (0ms)
		CreateAndSetChildDomain (1ms)
	RebuildCommonClasses (39ms)
	RebuildNativeTypeToScriptingClass (8ms)
	initialDomainReloadingComplete (66ms)
	LoadAllAssembliesAndSetupDomain (181ms)
		LoadAssemblies (171ms)
		RebuildTransferFunctionScriptingTraits (0ms)
		AnalyzeDomain (176ms)
			TypeCache.Refresh (174ms)
				TypeCache.ScanAssembly (155ms)
			ScanForSourceGeneratedMonoScriptInfo (0ms)
			ResolveRequiredComponents (1ms)
	FinalizeReload (948ms)
		ReleaseScriptCaches (0ms)
		RebuildScriptCaches (0ms)
		SetupLoadedEditorAssemblies (902ms)
			LogAssemblyErrors (0ms)
			InitializePlatformSupportModulesInManaged (775ms)
			SetLoadedEditorAssemblies (3ms)
			RefreshPlugins (0ms)
			BeforeProcessingInitializeOnLoad (2ms)
			ProcessInitializeOnLoadAttributes (89ms)
			ProcessInitializeOnLoadMethodAttributes (34ms)
			AfterProcessingInitializeOnLoad (0ms)
			EditorAssembliesLoaded (0ms)
		ExecutionOrderSort2 (0ms)
		AwakeInstancesAfterBackupRestoration (0ms)
========================================================================
Worker process is ready to serve import requests
Begin MonoManager ReloadAssembly
- Loaded All Assemblies, in  0.558 seconds
Refreshing native plugins compatible for Editor in 3.04 ms, found 4 plugins.
Native extension for WindowsStandalone target not found
Native extension for Android target not found
Native extension for WebGL target not found
Package Manager log level set to [2]
[Package Manager] Server::EnsureServerProcessIsRunning -- launch failed, reason: Unity was launched with the -noUpm command-line argument
[Package Manager] UpmClient::Send -- Unable to send message (not connected to UPM process).
[Package Manager] Cannot connect to Unity Package Manager local server
Mono: successfully reloaded assembly
- Finished resetting the current domain, in  0.523 seconds
Domain Reload Profiling: 1078ms
	BeginReloadAssembly (122ms)
		ExecutionOrderSort (0ms)
		DisableScriptedObjects (6ms)
		BackupInstance (0ms)
		ReleaseScriptingObjects (0ms)
		CreateAndSetChildDomain (18ms)
	RebuildCommonClasses (29ms)
	RebuildNativeTypeToScriptingClass (8ms)
	initialDomainReloadingComplete (35ms)
	LoadAllAssembliesAndSetupDomain (361ms)
		LoadAssemblies (268ms)
		RebuildTransferFunctionScriptingTraits (0ms)
		AnalyzeDomain (163ms)
			TypeCache.Refresh (142ms)
				TypeCache.ScanAssembly (129ms)
			ScanForSourceGeneratedMonoScriptInfo (17ms)
			ResolveRequiredComponents (4ms)
	FinalizeReload (523ms)
		ReleaseScriptCaches (0ms)
		RebuildScriptCaches (0ms)
		SetupLoadedEditorAssemblies (395ms)
			LogAssemblyErrors (0ms)
			InitializePlatformSupportModulesInManaged (24ms)
			SetLoadedEditorAssemblies (3ms)
			RefreshPlugins (0ms)
			BeforeProcessingInitializeOnLoad (57ms)
			ProcessInitializeOnLoadAttributes (276ms)
			ProcessInitializeOnLoadMethodAttributes (28ms)
			AfterProcessingInitializeOnLoad (8ms)
			EditorAssembliesLoaded (0ms)
		ExecutionOrderSort2 (0ms)
		AwakeInstancesAfterBackupRestoration (5ms)
Launched and connected shader compiler UnityShaderCompiler.exe after 0.07 seconds
Refreshing native plugins compatible for Editor in 5.45 ms, found 4 plugins.
Preloading 0 native plugins for Editor in 0.00 ms.
Unloading 4423 Unused Serialized files (Serialized files now loaded: 0)
Unloading 78 unused Assets / (246.5 KB). Loaded Objects now: 4881.
Memory consumption went from 161.7 MB to 161.4 MB.
Total: 5.027500 ms (FindLiveObjects: 0.451800 ms CreateObjectMapping: 0.238700 ms MarkObjects: 4.136700 ms  DeleteObjects: 0.199300 ms)

AssetImportParameters requested are different than current active one (requested -> active):
  custom:container-demuxer-ogg: 62fdf1f143b41e24485cea50d1cbac27 -> 
  custom:video-codec-MediaFoundation-h265: 746d11721c4dcdbdad8f713fa42b33f4 -> 
  custom:video-decoder-ogg-theora: a1e56fd34408186e4bbccfd4996cb3dc -> 
  custom:framework-win-MediaFoundation: 216162199b28c13a410421893ffa2e32 -> 
  custom:CustomObjectIndexerAttribute: 9a22284fe3817be447336de3de66b15e -> 
  custom:container-demuxer-webm: 4f35f7cbe854078d1ac9338744f61a02 -> 
  custom:container-muxer-webm: aa71ff27fc2769a1b78a27578f13a17b -> 
  custom:video-decoder-webm-vp8: 9c59270c3fd7afecdb556c50c9e8de78 -> 
  custom:SearchIndexIgnoredProperties: e643bd26f0fe6173181afceb89e7c659 -> 
  custom:AudioImporter_EditorPlatform: d09bf68614088b80899f8185d706f6e7 -> 
  custom:video-encoder-webm-vp8: eb34c28f22e8b96e1ab97ce403110664 -> 
  custom:audio-decoder-ogg-vorbis: bf7c407c2cedff20999df2af8eb42d56 -> 
  custom:audio-encoder-webm-vorbis: bf7c407c2cedff20999df2af8eb42d56 -> 
========================================================================
Received Import Request.
  Time since last request: 1296516.731520 seconds.
  path: Assets/GameArt/PlaceHolder
  artifactKey: Guid(3d1cc4380bb25f446bb0d86bb402ece4) Importer(815301076,1909f56bfc062723c751e8b465ee728b)
Start importing Assets/GameArt/PlaceHolder using Guid(3d1cc4380bb25f446bb0d86bb402ece4) Importer(815301076,1909f56bfc062723c751e8b465ee728b)  -> (artifact id: '9dc3dac63342c59c0055729822688775') in 0.002141 seconds
Number of updated asset objects reloaded before import = 0
Number of asset objects unloaded after import = 0
========================================================================
Received Import Request.
  Time since last request: 11.046764 seconds.
  path: Assets/GameArt/PlaceHolder/Complete_GUI_Essential_Pack_Free_Version
  artifactKey: Guid(690505ec8e3ccfd438e0cd9de5d2acd7) Importer(815301076,1909f56bfc062723c751e8b465ee728b)
Start importing Assets/GameArt/PlaceHolder/Complete_GUI_Essential_Pack_Free_Version using Guid(690505ec8e3ccfd438e0cd9de5d2acd7) Importer(815301076,1909f56bfc062723c751e8b465ee728b)  -> (artifact id: 'cc5206e75f792afb82f020290d76d63b') in 0.000352 seconds
Number of updated asset objects reloaded before import = 0
Number of asset objects unloaded after import = 0
========================================================================
Received Import Request.
  Time since last request: 4.642323 seconds.
  path: Assets/GameArt/PlaceHolder/Complete_GUI_Essential_Pack_Free_Version/01_Basic_Collection
  artifactKey: Guid(3dac174cf172cab4ca31dac796ce5661) Importer(815301076,1909f56bfc062723c751e8b465ee728b)
Start importing Assets/GameArt/PlaceHolder/Complete_GUI_Essential_Pack_Free_Version/01_Basic_Collection using Guid(3dac174cf172cab4ca31dac796ce5661) Importer(815301076,1909f56bfc062723c751e8b465ee728b)  -> (artifact id: '2ea6d4ecb39f2a1a58b41160fb8c6bcc') in 0.000334 seconds
Number of updated asset objects reloaded before import = 0
Number of asset objects unloaded after import = 0
========================================================================
Received Import Request.
  Time since last request: 0.767292 seconds.
  path: Assets/GameArt/PlaceHolder/Complete_GUI_Essential_Pack_Free_Version/01_Basic_Collection/01_Flat_Theme
  artifactKey: Guid(5e186a42d80eeeb419284bf682504517) Importer(815301076,1909f56bfc062723c751e8b465ee728b)
Start importing Assets/GameArt/PlaceHolder/Complete_GUI_Essential_Pack_Free_Version/01_Basic_Collection/01_Flat_Theme using Guid(5e186a42d80eeeb419284bf682504517) Importer(815301076,1909f56bfc062723c751e8b465ee728b)  -> (artifact id: 'c156d523406abe200ee854ada4a55229') in 0.000360 seconds
Number of updated asset objects reloaded before import = 0
Number of asset objects unloaded after import = 0
========================================================================
Received Import Request.
  Time since last request: 2.903443 seconds.
  path: Assets/GameArt/PlaceHolder/Complete_GUI_Essential_Pack_Free_Version/01_Basic_Collection/01_Flat_Theme/Sprites
  artifactKey: Guid(1ec121515b2481749af8438c3e43442c) Importer(815301076,1909f56bfc062723c751e8b465ee728b)
Start importing Assets/GameArt/PlaceHolder/Complete_GUI_Essential_Pack_Free_Version/01_Basic_Collection/01_Flat_Theme/Sprites using Guid(1ec121515b2481749af8438c3e43442c) Importer(815301076,1909f56bfc062723c751e8b465ee728b)  -> (artifact id: '3d48665e90aec2b961cc0a7a94b6d917') in 0.000404 seconds
Number of updated asset objects reloaded before import = 0
Number of asset objects unloaded after import = 0
========================================================================
Received Import Request.
  Time since last request: 7.015123 seconds.
  path: Assets/GameArt/PlaceHolder/Complete_GUI_Essential_Pack_Free_Version/01_Basic_Collection/01_Flat_Theme/Spritesheets
  artifactKey: Guid(84327b499793dfa4fbe7d493c6ba9c2b) Importer(815301076,1909f56bfc062723c751e8b465ee728b)
Start importing Assets/GameArt/PlaceHolder/Complete_GUI_Essential_Pack_Free_Version/01_Basic_Collection/01_Flat_Theme/Spritesheets using Guid(84327b499793dfa4fbe7d493c6ba9c2b) Importer(815301076,1909f56bfc062723c751e8b465ee728b)  -> (artifact id: 'fae87726606c507300a65aefb0fb503e') in 0.000384 seconds
Number of updated asset objects reloaded before import = 0
Number of asset objects unloaded after import = 0
========================================================================
Received Import Request.
  Time since last request: 2.126192 seconds.
  path: Assets/GameArt/PlaceHolder/Complete_GUI_Essential_Pack_Free_Version/01_Basic_Collection/01_Flat_Theme/Spritesheets/Spritesheet_UI_Flat.png
  artifactKey: Guid(469842ea86ecd87429520b0a71f0605d) Importer(815301076,1909f56bfc062723c751e8b465ee728b)
Start importing Assets/GameArt/PlaceHolder/Complete_GUI_Essential_Pack_Free_Version/01_Basic_Collection/01_Flat_Theme/Spritesheets/Spritesheet_UI_Flat.png using Guid(469842ea86ecd87429520b0a71f0605d) Importer(815301076,1909f56bfc062723c751e8b465ee728b)  -> (artifact id: '9197208a32bf7961efce6ad5db24b7d8') in 0.052294 seconds
Number of updated asset objects reloaded before import = 0
Number of asset objects unloaded after import = 3
========================================================================
Received Import Request.
  Time since last request: 5.067544 seconds.
  path: Assets/GameArt/PlaceHolder/Complete_GUI_Essential_Pack_Free_Version/01_Basic_Collection/01_Flat_Theme/Spritesheets/Spritesheet_UI_Flat_Button_01.png
  artifactKey: Guid(95c6f2147105fa245b01062a12c7e8c6) Importer(815301076,1909f56bfc062723c751e8b465ee728b)
Start importing Assets/GameArt/PlaceHolder/Complete_GUI_Essential_Pack_Free_Version/01_Basic_Collection/01_Flat_Theme/Spritesheets/Spritesheet_UI_Flat_Button_01.png using Guid(95c6f2147105fa245b01062a12c7e8c6) Importer(815301076,1909f56bfc062723c751e8b465ee728b)  -> (artifact id: '98e70ca6307a64250e3286c95e09d867') in 0.007717 seconds
Number of updated asset objects reloaded before import = 0
Number of asset objects unloaded after import = 3
========================================================================
Received Import Request.
  Time since last request: 3.345237 seconds.
  path: Assets/GameArt/PlaceHolder/Complete_GUI_Essential_Pack_Free_Version/01_Basic_Collection/01_Flat_Theme/Spritesheets/Spritesheet_UI_Flat_Button_02.png
  artifactKey: Guid(573781394cdd37d41a1cbaf4acbe9f06) Importer(815301076,1909f56bfc062723c751e8b465ee728b)
Start importing Assets/GameArt/PlaceHolder/Complete_GUI_Essential_Pack_Free_Version/01_Basic_Collection/01_Flat_Theme/Spritesheets/Spritesheet_UI_Flat_Button_02.png using Guid(573781394cdd37d41a1cbaf4acbe9f06) Importer(815301076,1909f56bfc062723c751e8b465ee728b)  -> (artifact id: 'e1f8c817d5048d1bc4f41d1866187822') in 0.006300 seconds
Number of updated asset objects reloaded before import = 0
Number of asset objects unloaded after import = 3
========================================================================
Received Import Request.
  Time since last request: 3.162052 seconds.
  path: Assets/GameArt/PlaceHolder/Complete_GUI_Essential_Pack_Free_Version/01_Basic_Collection/01_Flat_Theme/Spritesheets/Spritesheet_UI_Flat_Select_01.png
  artifactKey: Guid(b6278b703a3e0a041af5556fea786a65) Importer(815301076,1909f56bfc062723c751e8b465ee728b)
Start importing Assets/GameArt/PlaceHolder/Complete_GUI_Essential_Pack_Free_Version/01_Basic_Collection/01_Flat_Theme/Spritesheets/Spritesheet_UI_Flat_Select_01.png using Guid(b6278b703a3e0a041af5556fea786a65) Importer(815301076,1909f56bfc062723c751e8b465ee728b)  -> (artifact id: '6b9089d21d456ea42687fb4363fbce48') in 0.006483 seconds
Number of updated asset objects reloaded before import = 0
Number of asset objects unloaded after import = 3
========================================================================
Received Import Request.
  Time since last request: 711.901416 seconds.
  path: Assets/GameArt/PlaceHolder/Complete_GUI_Essential_Pack_Free_Version/01_Basic_Collection/01_Flat_Theme/Sprites/UI_Flat_Frame_02_Lite.png
  artifactKey: Guid(d3bd03526d7848844881cfc1d4173195) Importer(815301076,1909f56bfc062723c751e8b465ee728b)
Start importing Assets/GameArt/PlaceHolder/Complete_GUI_Essential_Pack_Free_Version/01_Basic_Collection/01_Flat_Theme/Sprites/UI_Flat_Frame_02_Lite.png using Guid(d3bd03526d7848844881cfc1d4173195) Importer(815301076,1909f56bfc062723c751e8b465ee728b)  -> (artifact id: 'c3e1a7ced089d395bc30ad8f417ed11a') in 0.008408 seconds
Number of updated asset objects reloaded before import = 0
Number of asset objects unloaded after import = 3
========================================================================
Received Import Request.
  Time since last request: 3.364920 seconds.
  path: Assets/GameArt/PlaceHolder/Complete_GUI_Essential_Pack_Free_Version/01_Basic_Collection/01_Flat_Theme/Sprites/UI_Flat_Frame_02_Standard.png
  artifactKey: Guid(85c8a996df334f34b910bd1c7e08a0f3) Importer(815301076,1909f56bfc062723c751e8b465ee728b)
Start importing Assets/GameArt/PlaceHolder/Complete_GUI_Essential_Pack_Free_Version/01_Basic_Collection/01_Flat_Theme/Sprites/UI_Flat_Frame_02_Standard.png using Guid(85c8a996df334f34b910bd1c7e08a0f3) Importer(815301076,1909f56bfc062723c751e8b465ee728b)  -> (artifact id: 'c70a62f6dd4778d64411002a1c227433') in 0.010837 seconds
Number of updated asset objects reloaded before import = 0
Number of asset objects unloaded after import = 3
========================================================================
Received Import Request.
  Time since last request: 8.617864 seconds.
  path: Assets/GameArt/PlaceHolder/Complete_GUI_Essential_Pack_Free_Version/01_Basic_Collection/01_Flat_Theme/Sprites/UI_Flat_Frame_02_Standard.png
  artifactKey: Guid(85c8a996df334f34b910bd1c7e08a0f3) Importer(815301076,1909f56bfc062723c751e8b465ee728b)
Start importing Assets/GameArt/PlaceHolder/Complete_GUI_Essential_Pack_Free_Version/01_Basic_Collection/01_Flat_Theme/Sprites/UI_Flat_Frame_02_Standard.png using Guid(85c8a996df334f34b910bd1c7e08a0f3) Importer(815301076,1909f56bfc062723c751e8b465ee728b)  -> (artifact id: '20759673339fa7febb1f4329613fe411') in 0.006854 seconds
Number of updated asset objects reloaded before import = 0
Number of asset objects unloaded after import = 3
========================================================================
Received Import Request.
  Time since last request: 66.001491 seconds.
  path: Assets/GameArt/PlaceHolder/Complete_GUI_Essential_Pack_Free_Version/01_Basic_Collection/01_Flat_Theme/Sprites/UI_Flat_Frame_02_Standard.png
  artifactKey: Guid(85c8a996df334f34b910bd1c7e08a0f3) Importer(815301076,1909f56bfc062723c751e8b465ee728b)
Start importing Assets/GameArt/PlaceHolder/Complete_GUI_Essential_Pack_Free_Version/01_Basic_Collection/01_Flat_Theme/Sprites/UI_Flat_Frame_02_Standard.png using Guid(85c8a996df334f34b910bd1c7e08a0f3) Importer(815301076,1909f56bfc062723c751e8b465ee728b)  -> (artifact id: '2c8e58da9898fa51da5d0f979f971666') in 0.006618 seconds
Number of updated asset objects reloaded before import = 0
Number of asset objects unloaded after import = 3
========================================================================
Received Prepare
Begin MonoManager ReloadAssembly
- Loaded All Assemblies, in  0.464 seconds
Refreshing native plugins compatible for Editor in 3.03 ms, found 4 plugins.
Native extension for WindowsStandalone target not found
Native extension for Android target not found
Native extension for WebGL target not found
[Package Manager] Server::EnsureServerProcessIsRunning -- launch failed, reason: Unity was launched with the -noUpm command-line argument
[Package Manager] UpmClient::Send -- Unable to send message (not connected to UPM process).
[Package Manager] Cannot connect to Unity Package Manager local server
Mono: successfully reloaded assembly
- Finished resetting the current domain, in  0.840 seconds
Domain Reload Profiling: 1302ms
	BeginReloadAssembly (178ms)
		ExecutionOrderSort (0ms)
		DisableScriptedObjects (10ms)
		BackupInstance (0ms)
		ReleaseScriptingObjects (0ms)
		CreateAndSetChildDomain (56ms)
	RebuildCommonClasses (28ms)
	RebuildNativeTypeToScriptingClass (12ms)
	initialDomainReloadingComplete (30ms)
	LoadAllAssembliesAndSetupDomain (214ms)
		LoadAssemblies (284ms)
		RebuildTransferFunctionScriptingTraits (0ms)
		AnalyzeDomain (11ms)
			TypeCache.Refresh (5ms)
				TypeCache.ScanAssembly (0ms)
			ScanForSourceGeneratedMonoScriptInfo (0ms)
			ResolveRequiredComponents (5ms)
	FinalizeReload (841ms)
		ReleaseScriptCaches (0ms)
		RebuildScriptCaches (0ms)
		SetupLoadedEditorAssemblies (378ms)
			LogAssemblyErrors (0ms)
			InitializePlatformSupportModulesInManaged (25ms)
			SetLoadedEditorAssemblies (3ms)
			RefreshPlugins (0ms)
			BeforeProcessingInitializeOnLoad (62ms)
			ProcessInitializeOnLoadAttributes (252ms)
			ProcessInitializeOnLoadMethodAttributes (28ms)
			AfterProcessingInitializeOnLoad (8ms)
			EditorAssembliesLoaded (0ms)
		ExecutionOrderSort2 (0ms)
		AwakeInstancesAfterBackupRestoration (10ms)
Refreshing native plugins compatible for Editor in 2.90 ms, found 4 plugins.
Preloading 0 native plugins for Editor in 0.00 ms.
Unloading 4416 Unused Serialized files (Serialized files now loaded: 0)
Unloading 44 unused Assets / (217.5 KB). Loaded Objects now: 4900.
Memory consumption went from 159.3 MB to 159.1 MB.
Total: 3.915600 ms (FindLiveObjects: 0.261500 ms CreateObjectMapping: 0.098800 ms MarkObjects: 3.410400 ms  DeleteObjects: 0.144200 ms)

Prepare: number of updated asset objects reloaded= 0
AssetImportParameters requested are different than current active one (requested -> active):
  custom:container-demuxer-ogg: 62fdf1f143b41e24485cea50d1cbac27 -> 
  custom:video-codec-MediaFoundation-h265: 746d11721c4dcdbdad8f713fa42b33f4 -> 
  custom:video-decoder-ogg-theora: a1e56fd34408186e4bbccfd4996cb3dc -> 
  custom:framework-win-MediaFoundation: 216162199b28c13a410421893ffa2e32 -> 
  custom:CustomObjectIndexerAttribute: 9a22284fe3817be447336de3de66b15e -> 
  custom:container-demuxer-webm: 4f35f7cbe854078d1ac9338744f61a02 -> 
  custom:container-muxer-webm: aa71ff27fc2769a1b78a27578f13a17b -> 
  custom:video-decoder-webm-vp8: 9c59270c3fd7afecdb556c50c9e8de78 -> 
  custom:SearchIndexIgnoredProperties: e643bd26f0fe6173181afceb89e7c659 -> 
  custom:AudioImporter_EditorPlatform: d09bf68614088b80899f8185d706f6e7 -> 
  custom:video-encoder-webm-vp8: eb34c28f22e8b96e1ab97ce403110664 -> 
  custom:audio-decoder-ogg-vorbis: bf7c407c2cedff20999df2af8eb42d56 -> 
  custom:audio-encoder-webm-vorbis: bf7c407c2cedff20999df2af8eb42d56 -> 
========================================================================
Received Prepare
Begin MonoManager ReloadAssembly
- Loaded All Assemblies, in  0.368 seconds
Refreshing native plugins compatible for Editor in 3.73 ms, found 4 plugins.
Native extension for WindowsStandalone target not found
Native extension for Android target not found
Native extension for WebGL target not found
[Package Manager] Server::EnsureServerProcessIsRunning -- launch failed, reason: Unity was launched with the -noUpm command-line argument
[Package Manager] UpmClient::Send -- Unable to send message (not connected to UPM process).
[Package Manager] Cannot connect to Unity Package Manager local server
Mono: successfully reloaded assembly
- Finished resetting the current domain, in  0.844 seconds
Domain Reload Profiling: 1210ms
	BeginReloadAssembly (139ms)
		ExecutionOrderSort (0ms)
		DisableScriptedObjects (10ms)
		BackupInstance (0ms)
		ReleaseScriptingObjects (0ms)
		CreateAndSetChildDomain (33ms)
	RebuildCommonClasses (24ms)
	RebuildNativeTypeToScriptingClass (8ms)
	initialDomainReloadingComplete (25ms)
	LoadAllAssembliesAndSetupDomain (170ms)
		LoadAssemblies (230ms)
		RebuildTransferFunctionScriptingTraits (0ms)
		AnalyzeDomain (10ms)
			TypeCache.Refresh (4ms)
				TypeCache.ScanAssembly (0ms)
			ScanForSourceGeneratedMonoScriptInfo (0ms)
			ResolveRequiredComponents (4ms)
	FinalizeReload (845ms)
		ReleaseScriptCaches (0ms)
		RebuildScriptCaches (0ms)
		SetupLoadedEditorAssemblies (403ms)
			LogAssemblyErrors (0ms)
			InitializePlatformSupportModulesInManaged (24ms)
			SetLoadedEditorAssemblies (3ms)
			RefreshPlugins (0ms)
			BeforeProcessingInitializeOnLoad (64ms)
			ProcessInitializeOnLoadAttributes (275ms)
			ProcessInitializeOnLoadMethodAttributes (26ms)
			AfterProcessingInitializeOnLoad (10ms)
			EditorAssembliesLoaded (0ms)
		ExecutionOrderSort2 (0ms)
		AwakeInstancesAfterBackupRestoration (11ms)
Refreshing native plugins compatible for Editor in 3.45 ms, found 4 plugins.
Preloading 0 native plugins for Editor in 0.00 ms.
Unloading 4417 Unused Serialized files (Serialized files now loaded: 0)
Unloading 44 unused Assets / (217.5 KB). Loaded Objects now: 4904.
Memory consumption went from 159.5 MB to 159.3 MB.
Total: 3.201600 ms (FindLiveObjects: 0.261900 ms CreateObjectMapping: 0.101100 ms MarkObjects: 2.679500 ms  DeleteObjects: 0.158500 ms)

Prepare: number of updated asset objects reloaded= 0
AssetImportParameters requested are different than current active one (requested -> active):
  custom:container-demuxer-ogg: 62fdf1f143b41e24485cea50d1cbac27 -> 
  custom:video-codec-MediaFoundation-h265: 746d11721c4dcdbdad8f713fa42b33f4 -> 
  custom:video-decoder-ogg-theora: a1e56fd34408186e4bbccfd4996cb3dc -> 
  custom:framework-win-MediaFoundation: 216162199b28c13a410421893ffa2e32 -> 
  custom:CustomObjectIndexerAttribute: 9a22284fe3817be447336de3de66b15e -> 
  custom:container-demuxer-webm: 4f35f7cbe854078d1ac9338744f61a02 -> 
  custom:container-muxer-webm: aa71ff27fc2769a1b78a27578f13a17b -> 
  custom:video-decoder-webm-vp8: 9c59270c3fd7afecdb556c50c9e8de78 -> 
  custom:SearchIndexIgnoredProperties: e643bd26f0fe6173181afceb89e7c659 -> 
  custom:AudioImporter_EditorPlatform: d09bf68614088b80899f8185d706f6e7 -> 
  custom:video-encoder-webm-vp8: eb34c28f22e8b96e1ab97ce403110664 -> 
  custom:audio-decoder-ogg-vorbis: bf7c407c2cedff20999df2af8eb42d56 -> 
  custom:audio-encoder-webm-vorbis: bf7c407c2cedff20999df2af8eb42d56 -> 
========================================================================
Received Prepare
Begin MonoManager ReloadAssembly
- Loaded All Assemblies, in  0.381 seconds
Refreshing native plugins compatible for Editor in 3.14 ms, found 4 plugins.
Native extension for WindowsStandalone target not found
Native extension for Android target not found
Native extension for WebGL target not found
[Package Manager] Server::EnsureServerProcessIsRunning -- launch failed, reason: Unity was launched with the -noUpm command-line argument
[Package Manager] UpmClient::Send -- Unable to send message (not connected to UPM process).
[Package Manager] Cannot connect to Unity Package Manager local server
Mono: successfully reloaded assembly
- Finished resetting the current domain, in  0.884 seconds
Domain Reload Profiling: 1261ms
	BeginReloadAssembly (142ms)
		ExecutionOrderSort (0ms)
		DisableScriptedObjects (9ms)
		BackupInstance (0ms)
		ReleaseScriptingObjects (0ms)
		CreateAndSetChildDomain (30ms)
	RebuildCommonClasses (23ms)
	RebuildNativeTypeToScriptingClass (8ms)
	initialDomainReloadingComplete (26ms)
	LoadAllAssembliesAndSetupDomain (178ms)
		LoadAssemblies (244ms)
		RebuildTransferFunctionScriptingTraits (0ms)
		AnalyzeDomain (10ms)
			TypeCache.Refresh (5ms)
				TypeCache.ScanAssembly (0ms)
			ScanForSourceGeneratedMonoScriptInfo (0ms)
			ResolveRequiredComponents (5ms)
	FinalizeReload (884ms)
		ReleaseScriptCaches (0ms)
		RebuildScriptCaches (0ms)
		SetupLoadedEditorAssemblies (398ms)
			LogAssemblyErrors (0ms)
			InitializePlatformSupportModulesInManaged (24ms)
			SetLoadedEditorAssemblies (3ms)
			RefreshPlugins (0ms)
			BeforeProcessingInitializeOnLoad (62ms)
			ProcessInitializeOnLoadAttributes (275ms)
			ProcessInitializeOnLoadMethodAttributes (26ms)
			AfterProcessingInitializeOnLoad (8ms)
			EditorAssembliesLoaded (0ms)
		ExecutionOrderSort2 (0ms)
		AwakeInstancesAfterBackupRestoration (11ms)
Refreshing native plugins compatible for Editor in 3.55 ms, found 4 plugins.
Preloading 0 native plugins for Editor in 0.00 ms.
Unloading 4417 Unused Serialized files (Serialized files now loaded: 0)
Unloading 44 unused Assets / (217.8 KB). Loaded Objects now: 4908.
Memory consumption went from 159.5 MB to 159.3 MB.
Total: 3.083800 ms (FindLiveObjects: 0.246000 ms CreateObjectMapping: 0.161900 ms MarkObjects: 2.513500 ms  DeleteObjects: 0.161700 ms)

Prepare: number of updated asset objects reloaded= 0
AssetImportParameters requested are different than current active one (requested -> active):
  custom:container-demuxer-ogg: 62fdf1f143b41e24485cea50d1cbac27 -> 
  custom:video-codec-MediaFoundation-h265: 746d11721c4dcdbdad8f713fa42b33f4 -> 
  custom:video-decoder-ogg-theora: a1e56fd34408186e4bbccfd4996cb3dc -> 
  custom:framework-win-MediaFoundation: 216162199b28c13a410421893ffa2e32 -> 
  custom:CustomObjectIndexerAttribute: 9a22284fe3817be447336de3de66b15e -> 
  custom:container-demuxer-webm: 4f35f7cbe854078d1ac9338744f61a02 -> 
  custom:container-muxer-webm: aa71ff27fc2769a1b78a27578f13a17b -> 
  custom:video-decoder-webm-vp8: 9c59270c3fd7afecdb556c50c9e8de78 -> 
  custom:SearchIndexIgnoredProperties: e643bd26f0fe6173181afceb89e7c659 -> 
  custom:AudioImporter_EditorPlatform: d09bf68614088b80899f8185d706f6e7 -> 
  custom:video-encoder-webm-vp8: eb34c28f22e8b96e1ab97ce403110664 -> 
  custom:audio-decoder-ogg-vorbis: bf7c407c2cedff20999df2af8eb42d56 -> 
  custom:audio-encoder-webm-vorbis: bf7c407c2cedff20999df2af8eb42d56 -> 
========================================================================
Received Prepare
Begin MonoManager ReloadAssembly
- Loaded All Assemblies, in  0.374 seconds
Refreshing native plugins compatible for Editor in 2.77 ms, found 4 plugins.
Native extension for WindowsStandalone target not found
Native extension for Android target not found
Native extension for WebGL target not found
[Package Manager] Server::EnsureServerProcessIsRunning -- launch failed, reason: Unity was launched with the -noUpm command-line argument
[Package Manager] UpmClient::Send -- Unable to send message (not connected to UPM process).
[Package Manager] Cannot connect to Unity Package Manager local server
Mono: successfully reloaded assembly
- Finished resetting the current domain, in  0.853 seconds
Domain Reload Profiling: 1225ms
	BeginReloadAssembly (136ms)
		ExecutionOrderSort (0ms)
		DisableScriptedObjects (9ms)
		BackupInstance (0ms)
		ReleaseScriptingObjects (0ms)
		CreateAndSetChildDomain (33ms)
	RebuildCommonClasses (24ms)
	RebuildNativeTypeToScriptingClass (8ms)
	initialDomainReloadingComplete (26ms)
	LoadAllAssembliesAndSetupDomain (177ms)
		LoadAssemblies (235ms)
		RebuildTransferFunctionScriptingTraits (0ms)
		AnalyzeDomain (10ms)
			TypeCache.Refresh (4ms)
				TypeCache.ScanAssembly (0ms)
			ScanForSourceGeneratedMonoScriptInfo (0ms)
			ResolveRequiredComponents (4ms)
	FinalizeReload (854ms)
		ReleaseScriptCaches (0ms)
		RebuildScriptCaches (0ms)
		SetupLoadedEditorAssemblies (416ms)
			LogAssemblyErrors (0ms)
			InitializePlatformSupportModulesInManaged (29ms)
			SetLoadedEditorAssemblies (3ms)
			RefreshPlugins (0ms)
			BeforeProcessingInitializeOnLoad (62ms)
			ProcessInitializeOnLoadAttributes (285ms)
			ProcessInitializeOnLoadMethodAttributes (29ms)
			AfterProcessingInitializeOnLoad (9ms)
			EditorAssembliesLoaded (0ms)
		ExecutionOrderSort2 (0ms)
		AwakeInstancesAfterBackupRestoration (11ms)
Refreshing native plugins compatible for Editor in 3.02 ms, found 4 plugins.
Preloading 0 native plugins for Editor in 0.00 ms.
Unloading 4417 Unused Serialized files (Serialized files now loaded: 0)
Unloading 44 unused Assets / (217.5 KB). Loaded Objects now: 4912.
Memory consumption went from 159.6 MB to 159.4 MB.
Total: 3.597600 ms (FindLiveObjects: 0.273900 ms CreateObjectMapping: 0.176600 ms MarkObjects: 2.987200 ms  DeleteObjects: 0.159200 ms)

Prepare: number of updated asset objects reloaded= 0
AssetImportParameters requested are different than current active one (requested -> active):
  custom:container-demuxer-ogg: 62fdf1f143b41e24485cea50d1cbac27 -> 
  custom:video-codec-MediaFoundation-h265: 746d11721c4dcdbdad8f713fa42b33f4 -> 
  custom:video-decoder-ogg-theora: a1e56fd34408186e4bbccfd4996cb3dc -> 
  custom:framework-win-MediaFoundation: 216162199b28c13a410421893ffa2e32 -> 
  custom:CustomObjectIndexerAttribute: 9a22284fe3817be447336de3de66b15e -> 
  custom:container-demuxer-webm: 4f35f7cbe854078d1ac9338744f61a02 -> 
  custom:container-muxer-webm: aa71ff27fc2769a1b78a27578f13a17b -> 
  custom:video-decoder-webm-vp8: 9c59270c3fd7afecdb556c50c9e8de78 -> 
  custom:SearchIndexIgnoredProperties: e643bd26f0fe6173181afceb89e7c659 -> 
  custom:AudioImporter_EditorPlatform: d09bf68614088b80899f8185d706f6e7 -> 
  custom:video-encoder-webm-vp8: eb34c28f22e8b96e1ab97ce403110664 -> 
  custom:audio-decoder-ogg-vorbis: bf7c407c2cedff20999df2af8eb42d56 -> 
  custom:audio-encoder-webm-vorbis: bf7c407c2cedff20999df2af8eb42d56 -> 
========================================================================
Received Prepare
Begin MonoManager ReloadAssembly
- Loaded All Assemblies, in  0.380 seconds
Refreshing native plugins compatible for Editor in 3.97 ms, found 4 plugins.
Native extension for WindowsStandalone target not found
Native extension for Android target not found
Native extension for WebGL target not found
[Package Manager] Server::EnsureServerProcessIsRunning -- launch failed, reason: Unity was launched with the -noUpm command-line argument
[Package Manager] UpmClient::Send -- Unable to send message (not connected to UPM process).
[Package Manager] Cannot connect to Unity Package Manager local server
Mono: successfully reloaded assembly
- Finished resetting the current domain, in  0.871 seconds
Domain Reload Profiling: 1247ms
	BeginReloadAssembly (134ms)
		ExecutionOrderSort (0ms)
		DisableScriptedObjects (9ms)
		BackupInstance (0ms)
		ReleaseScriptingObjects (0ms)
		CreateAndSetChildDomain (31ms)
	RebuildCommonClasses (28ms)
	RebuildNativeTypeToScriptingClass (8ms)
	initialDomainReloadingComplete (25ms)
	LoadAllAssembliesAndSetupDomain (180ms)
		LoadAssemblies (238ms)
		RebuildTransferFunctionScriptingTraits (0ms)
		AnalyzeDomain (10ms)
			TypeCache.Refresh (5ms)
				TypeCache.ScanAssembly (0ms)
			ScanForSourceGeneratedMonoScriptInfo (0ms)
			ResolveRequiredComponents (5ms)
	FinalizeReload (872ms)
		ReleaseScriptCaches (0ms)
		RebuildScriptCaches (0ms)
		SetupLoadedEditorAssemblies (400ms)
			LogAssemblyErrors (0ms)
			InitializePlatformSupportModulesInManaged (24ms)
			SetLoadedEditorAssemblies (2ms)
			RefreshPlugins (0ms)
			BeforeProcessingInitializeOnLoad (65ms)
			ProcessInitializeOnLoadAttributes (274ms)
			ProcessInitializeOnLoadMethodAttributes (26ms)
			AfterProcessingInitializeOnLoad (9ms)
			EditorAssembliesLoaded (0ms)
		ExecutionOrderSort2 (0ms)
		AwakeInstancesAfterBackupRestoration (12ms)
Refreshing native plugins compatible for Editor in 3.44 ms, found 4 plugins.
Preloading 0 native plugins for Editor in 0.00 ms.
Unloading 4417 Unused Serialized files (Serialized files now loaded: 0)
Unloading 44 unused Assets / (217.6 KB). Loaded Objects now: 4916.
Memory consumption went from 159.6 MB to 159.4 MB.
Total: 3.131600 ms (FindLiveObjects: 0.258500 ms CreateObjectMapping: 0.186100 ms MarkObjects: 2.491400 ms  DeleteObjects: 0.195000 ms)

Prepare: number of updated asset objects reloaded= 0
AssetImportParameters requested are different than current active one (requested -> active):
  custom:container-demuxer-ogg: 62fdf1f143b41e24485cea50d1cbac27 -> 
  custom:video-codec-MediaFoundation-h265: 746d11721c4dcdbdad8f713fa42b33f4 -> 
  custom:video-decoder-ogg-theora: a1e56fd34408186e4bbccfd4996cb3dc -> 
  custom:framework-win-MediaFoundation: 216162199b28c13a410421893ffa2e32 -> 
  custom:CustomObjectIndexerAttribute: 9a22284fe3817be447336de3de66b15e -> 
  custom:container-demuxer-webm: 4f35f7cbe854078d1ac9338744f61a02 -> 
  custom:container-muxer-webm: aa71ff27fc2769a1b78a27578f13a17b -> 
  custom:video-decoder-webm-vp8: 9c59270c3fd7afecdb556c50c9e8de78 -> 
  custom:SearchIndexIgnoredProperties: e643bd26f0fe6173181afceb89e7c659 -> 
  custom:AudioImporter_EditorPlatform: d09bf68614088b80899f8185d706f6e7 -> 
  custom:video-encoder-webm-vp8: eb34c28f22e8b96e1ab97ce403110664 -> 
  custom:audio-decoder-ogg-vorbis: bf7c407c2cedff20999df2af8eb42d56 -> 
  custom:audio-encoder-webm-vorbis: bf7c407c2cedff20999df2af8eb42d56 -> 
========================================================================
Received Prepare
Begin MonoManager ReloadAssembly
- Loaded All Assemblies, in  0.367 seconds
Refreshing native plugins compatible for Editor in 3.11 ms, found 4 plugins.
Native extension for WindowsStandalone target not found
Native extension for Android target not found
Native extension for WebGL target not found
[Package Manager] Server::EnsureServerProcessIsRunning -- launch failed, reason: Unity was launched with the -noUpm command-line argument
[Package Manager] UpmClient::Send -- Unable to send message (not connected to UPM process).
[Package Manager] Cannot connect to Unity Package Manager local server
Mono: successfully reloaded assembly
- Finished resetting the current domain, in  0.846 seconds
Domain Reload Profiling: 1210ms
	BeginReloadAssembly (133ms)
		ExecutionOrderSort (0ms)
		DisableScriptedObjects (9ms)
		BackupInstance (0ms)
		ReleaseScriptingObjects (0ms)
		CreateAndSetChildDomain (30ms)
	RebuildCommonClasses (24ms)
	RebuildNativeTypeToScriptingClass (8ms)
	initialDomainReloadingComplete (25ms)
	LoadAllAssembliesAndSetupDomain (174ms)
		LoadAssemblies (232ms)
		RebuildTransferFunctionScriptingTraits (0ms)
		AnalyzeDomain (11ms)
			TypeCache.Refresh (5ms)
				TypeCache.ScanAssembly (0ms)
			ScanForSourceGeneratedMonoScriptInfo (0ms)
			ResolveRequiredComponents (4ms)
	FinalizeReload (846ms)
		ReleaseScriptCaches (0ms)
		RebuildScriptCaches (0ms)
		SetupLoadedEditorAssemblies (399ms)
			LogAssemblyErrors (0ms)
			InitializePlatformSupportModulesInManaged (26ms)
			SetLoadedEditorAssemblies (3ms)
			RefreshPlugins (0ms)
			BeforeProcessingInitializeOnLoad (62ms)
			ProcessInitializeOnLoadAttributes (271ms)
			ProcessInitializeOnLoadMethodAttributes (26ms)
			AfterProcessingInitializeOnLoad (10ms)
			EditorAssembliesLoaded (0ms)
		ExecutionOrderSort2 (0ms)
		AwakeInstancesAfterBackupRestoration (11ms)
Refreshing native plugins compatible for Editor in 3.18 ms, found 4 plugins.
Preloading 0 native plugins for Editor in 0.00 ms.
Unloading 4417 Unused Serialized files (Serialized files now loaded: 0)
Unloading 44 unused Assets / (217.5 KB). Loaded Objects now: 4920.
Memory consumption went from 159.6 MB to 159.4 MB.
Total: 3.237800 ms (FindLiveObjects: 0.292500 ms CreateObjectMapping: 0.201700 ms MarkObjects: 2.583000 ms  DeleteObjects: 0.159900 ms)

Prepare: number of updated asset objects reloaded= 0
AssetImportParameters requested are different than current active one (requested -> active):
  custom:container-demuxer-ogg: 62fdf1f143b41e24485cea50d1cbac27 -> 
  custom:video-codec-MediaFoundation-h265: 746d11721c4dcdbdad8f713fa42b33f4 -> 
  custom:video-decoder-ogg-theora: a1e56fd34408186e4bbccfd4996cb3dc -> 
  custom:framework-win-MediaFoundation: 216162199b28c13a410421893ffa2e32 -> 
  custom:CustomObjectIndexerAttribute: 9a22284fe3817be447336de3de66b15e -> 
  custom:container-demuxer-webm: 4f35f7cbe854078d1ac9338744f61a02 -> 
  custom:container-muxer-webm: aa71ff27fc2769a1b78a27578f13a17b -> 
  custom:video-decoder-webm-vp8: 9c59270c3fd7afecdb556c50c9e8de78 -> 
  custom:SearchIndexIgnoredProperties: e643bd26f0fe6173181afceb89e7c659 -> 
  custom:AudioImporter_EditorPlatform: d09bf68614088b80899f8185d706f6e7 -> 
  custom:video-encoder-webm-vp8: eb34c28f22e8b96e1ab97ce403110664 -> 
  custom:audio-decoder-ogg-vorbis: bf7c407c2cedff20999df2af8eb42d56 -> 
  custom:audio-encoder-webm-vorbis: bf7c407c2cedff20999df2af8eb42d56 -> 
========================================================================
Received Import Request.
  Time since last request: 3000.391479 seconds.
  path: Assets/GameArt/PlaceHolder/Complete_GUI_Essential_Pack_Free_Version/01_Basic_Collection/01_Flat_Theme/Sprites/UI_Flat_Frame_02_Inward.png
  artifactKey: Guid(a35b618ce81d96f4a838dc551676304b) Importer(815301076,1909f56bfc062723c751e8b465ee728b)
Start importing Assets/GameArt/PlaceHolder/Complete_GUI_Essential_Pack_Free_Version/01_Basic_Collection/01_Flat_Theme/Sprites/UI_Flat_Frame_02_Inward.png using Guid(a35b618ce81d96f4a838dc551676304b) Importer(815301076,1909f56bfc062723c751e8b465ee728b)  -> (artifact id: 'b79ca6faa51f6758685f585a8bd1574f') in 0.054976 seconds
Number of updated asset objects reloaded before import = 0
Number of asset objects unloaded after import = 3
========================================================================
Received Import Request.
  Time since last request: 0.000015 seconds.
  path: Assets/GameArt/PlaceHolder/Complete_GUI_Essential_Pack_Free_Version/01_Basic_Collection/01_Flat_Theme/Sprites/UI_Flat_Scrollbar_01.png
  artifactKey: Guid(13f440f5a687f644c84d668cd1a438cb) Importer(815301076,1909f56bfc062723c751e8b465ee728b)
Start importing Assets/GameArt/PlaceHolder/Complete_GUI_Essential_Pack_Free_Version/01_Basic_Collection/01_Flat_Theme/Sprites/UI_Flat_Scrollbar_01.png using Guid(13f440f5a687f644c84d668cd1a438cb) Importer(815301076,1909f56bfc062723c751e8b465ee728b)  -> (artifact id: 'c8bc8fc57942577197b72aacbe2a8b8b') in 0.010030 seconds
Number of updated asset objects reloaded before import = 0
Number of asset objects unloaded after import = 3
========================================================================
Received Import Request.
  Time since last request: 0.000025 seconds.
  path: Assets/GameArt/PlaceHolder/Complete_GUI_Essential_Pack_Free_Version/01_Basic_Collection/01_Flat_Theme/Sprites/UI_Flat_Scrollbar_02.png
  artifactKey: Guid(b9e4651a4c2221c4d93cb89d8e137863) Importer(815301076,1909f56bfc062723c751e8b465ee728b)
Start importing Assets/GameArt/PlaceHolder/Complete_GUI_Essential_Pack_Free_Version/01_Basic_Collection/01_Flat_Theme/Sprites/UI_Flat_Scrollbar_02.png using Guid(b9e4651a4c2221c4d93cb89d8e137863) Importer(815301076,1909f56bfc062723c751e8b465ee728b)  -> (artifact id: '8663e1ad8b5147170823ec9ea0c068be') in 0.014128 seconds
Number of updated asset objects reloaded before import = 0
Number of asset objects unloaded after import = 3
========================================================================
Received Import Request.
  Time since last request: 0.000018 seconds.
  path: Assets/GameArt/PlaceHolder/Complete_GUI_Essential_Pack_Free_Version/01_Basic_Collection/01_Flat_Theme/Sprites/UI_Flat_Scrollbar_Handle_01.png
  artifactKey: Guid(8656a4987c361914fb3d0405bee29048) Importer(815301076,1909f56bfc062723c751e8b465ee728b)
Start importing Assets/GameArt/PlaceHolder/Complete_GUI_Essential_Pack_Free_Version/01_Basic_Collection/01_Flat_Theme/Sprites/UI_Flat_Scrollbar_Handle_01.png using Guid(8656a4987c361914fb3d0405bee29048) Importer(815301076,1909f56bfc062723c751e8b465ee728b)  -> (artifact id: '4e73486decf92d76895dc01ef00b0a88') in 0.013842 seconds
Number of updated asset objects reloaded before import = 0
Number of asset objects unloaded after import = 3
========================================================================
Received Import Request.
  Time since last request: 7.077336 seconds.
  path: Assets/GameArt/PlaceHolder/Complete_GUI_Essential_Pack_Free_Version/01_Basic_Collection/01_Flat_Theme/Sprites/UI_Flat_Frame_02_Horizontal.png
  artifactKey: Guid(58dab733ce9c4524d8008aa22b429e85) Importer(815301076,1909f56bfc062723c751e8b465ee728b)
Start importing Assets/GameArt/PlaceHolder/Complete_GUI_Essential_Pack_Free_Version/01_Basic_Collection/01_Flat_Theme/Sprites/UI_Flat_Frame_02_Horizontal.png using Guid(58dab733ce9c4524d8008aa22b429e85) Importer(815301076,1909f56bfc062723c751e8b465ee728b)  -> (artifact id: 'ed8395b469cca68e7314054c88e923fa') in 0.008802 seconds
Number of updated asset objects reloaded before import = 0
Number of asset objects unloaded after import = 3
========================================================================
Received Import Request.
  Time since last request: 0.019152 seconds.
  path: Assets/GameArt/PlaceHolder/Complete_GUI_Essential_Pack_Free_Version/01_Basic_Collection/01_Flat_Theme/Sprites/UI_Flat_Frame_01_Lite.png
  artifactKey: Guid(51525c6b007db6144a9e49e7249fab2c) Importer(815301076,1909f56bfc062723c751e8b465ee728b)
Start importing Assets/GameArt/PlaceHolder/Complete_GUI_Essential_Pack_Free_Version/01_Basic_Collection/01_Flat_Theme/Sprites/UI_Flat_Frame_01_Lite.png using Guid(51525c6b007db6144a9e49e7249fab2c) Importer(815301076,1909f56bfc062723c751e8b465ee728b)  -> (artifact id: '5e779bb5f3b20dd63c98928d1b024737') in 0.008117 seconds
Number of updated asset objects reloaded before import = 0
Number of asset objects unloaded after import = 3
========================================================================
Received Import Request.
  Time since last request: 0.000011 seconds.
  path: Assets/GameArt/PlaceHolder/Complete_GUI_Essential_Pack_Free_Version/01_Basic_Collection/01_Flat_Theme/Sprites/UI_Flat_Frame_01_Inward.png
  artifactKey: Guid(88cc4ceec3e92a94f8889bb5ce611663) Importer(815301076,1909f56bfc062723c751e8b465ee728b)
Start importing Assets/GameArt/PlaceHolder/Complete_GUI_Essential_Pack_Free_Version/01_Basic_Collection/01_Flat_Theme/Sprites/UI_Flat_Frame_01_Inward.png using Guid(88cc4ceec3e92a94f8889bb5ce611663) Importer(815301076,1909f56bfc062723c751e8b465ee728b)  -> (artifact id: 'b5d0d13a1b1283ac0162f0dd43507023') in 0.017168 seconds
Number of updated asset objects reloaded before import = 0
Number of asset objects unloaded after import = 3
========================================================================
Received Import Request.
  Time since last request: 0.240748 seconds.
  path: Assets/GameArt/PlaceHolder/Complete_GUI_Essential_Pack_Free_Version/01_Basic_Collection/01_Flat_Theme/Sprites/UI_Flat_Filler_05.png
  artifactKey: Guid(4a06d1ad55cf7364e8174997396ef82e) Importer(815301076,1909f56bfc062723c751e8b465ee728b)
Start importing Assets/GameArt/PlaceHolder/Complete_GUI_Essential_Pack_Free_Version/01_Basic_Collection/01_Flat_Theme/Sprites/UI_Flat_Filler_05.png using Guid(4a06d1ad55cf7364e8174997396ef82e) Importer(815301076,1909f56bfc062723c751e8b465ee728b)  -> (artifact id: 'c4c4f7111f0084c8bef61b6603fc99db') in 0.014057 seconds
Number of updated asset objects reloaded before import = 0
Number of asset objects unloaded after import = 3
========================================================================
Received Import Request.
  Time since last request: 0.037759 seconds.
  path: Assets/GameArt/PlaceHolder/Complete_GUI_Essential_Pack_Free_Version/01_Basic_Collection/01_Flat_Theme/Sprites/UI_Flat_Fillbar_02_Flat.png
  artifactKey: Guid(7fe361389c5230541961bad1f259112b) Importer(815301076,1909f56bfc062723c751e8b465ee728b)
Start importing Assets/GameArt/PlaceHolder/Complete_GUI_Essential_Pack_Free_Version/01_Basic_Collection/01_Flat_Theme/Sprites/UI_Flat_Fillbar_02_Flat.png using Guid(7fe361389c5230541961bad1f259112b) Importer(815301076,1909f56bfc062723c751e8b465ee728b)  -> (artifact id: 'e9c881cee2e5eaa29909fada5657b6d5') in 0.006383 seconds
Number of updated asset objects reloaded before import = 0
Number of asset objects unloaded after import = 3
========================================================================
Received Import Request.
  Time since last request: 0.031665 seconds.
  path: Assets/GameArt/PlaceHolder/Complete_GUI_Essential_Pack_Free_Version/01_Basic_Collection/01_Flat_Theme/Sprites/UI_Flat_Fillbar_01_Hollow.png
  artifactKey: Guid(7a765ad6359ffcc4b8508dd3bed02b04) Importer(815301076,1909f56bfc062723c751e8b465ee728b)
Start importing Assets/GameArt/PlaceHolder/Complete_GUI_Essential_Pack_Free_Version/01_Basic_Collection/01_Flat_Theme/Sprites/UI_Flat_Fillbar_01_Hollow.png using Guid(7a765ad6359ffcc4b8508dd3bed02b04) Importer(815301076,1909f56bfc062723c751e8b465ee728b)  -> (artifact id: '28e353c1c3531453a60df6382aaca143') in 0.006944 seconds
Number of updated asset objects reloaded before import = 0
Number of asset objects unloaded after import = 3
========================================================================
Received Import Request.
  Time since last request: 0.205332 seconds.
  path: Assets/GameArt/PlaceHolder/Complete_GUI_Essential_Pack_Free_Version/01_Basic_Collection/01_Flat_Theme/Sprites/UI_Flat_Fillbar_01_Block.png
  artifactKey: Guid(6de22676cea944345892d87789d9763e) Importer(815301076,1909f56bfc062723c751e8b465ee728b)
Start importing Assets/GameArt/PlaceHolder/Complete_GUI_Essential_Pack_Free_Version/01_Basic_Collection/01_Flat_Theme/Sprites/UI_Flat_Fillbar_01_Block.png using Guid(6de22676cea944345892d87789d9763e) Importer(815301076,1909f56bfc062723c751e8b465ee728b)  -> (artifact id: '00b62d6982d97e3a5c412a757b960ec6') in 0.008140 seconds
Number of updated asset objects reloaded before import = 0
Number of asset objects unloaded after import = 3
========================================================================
Received Import Request.
  Time since last request: 0.017695 seconds.
  path: Assets/GameArt/PlaceHolder/Complete_GUI_Essential_Pack_Free_Version/01_Basic_Collection/01_Flat_Theme/Sprites/UI_Flat_Cross_Medium.png
  artifactKey: Guid(05e5909a069a637409c196b1dd309476) Importer(815301076,1909f56bfc062723c751e8b465ee728b)
Start importing Assets/GameArt/PlaceHolder/Complete_GUI_Essential_Pack_Free_Version/01_Basic_Collection/01_Flat_Theme/Sprites/UI_Flat_Cross_Medium.png using Guid(05e5909a069a637409c196b1dd309476) Importer(815301076,1909f56bfc062723c751e8b465ee728b)  -> (artifact id: '9b7401b4bdbcae5a84f43644249d72bd') in 0.012880 seconds
Number of updated asset objects reloaded before import = 0
Number of asset objects unloaded after import = 3
========================================================================
Received Import Request.
  Time since last request: 0.016073 seconds.
  path: Assets/GameArt/PlaceHolder/Complete_GUI_Essential_Pack_Free_Version/01_Basic_Collection/01_Flat_Theme/Sprites/UI_Flat_Checkmark_Small.png
  artifactKey: Guid(575e773ac057fca468219c0d6fa08d6a) Importer(815301076,1909f56bfc062723c751e8b465ee728b)
Start importing Assets/GameArt/PlaceHolder/Complete_GUI_Essential_Pack_Free_Version/01_Basic_Collection/01_Flat_Theme/Sprites/UI_Flat_Checkmark_Small.png using Guid(575e773ac057fca468219c0d6fa08d6a) Importer(815301076,1909f56bfc062723c751e8b465ee728b)  -> (artifact id: '24fd7b114ac19f8fa15a42b2dbbd6957') in 0.015144 seconds
Number of updated asset objects reloaded before import = 0
Number of asset objects unloaded after import = 3
========================================================================
Received Import Request.
  Time since last request: 13.642217 seconds.
  path: Assets/GameArt/PlaceHolder/Complete_GUI_Essential_Pack_Free_Version/01_Basic_Collection/01_Flat_Theme/Sprites/UI_Flat_Scrollbar_Handle_03.png
  artifactKey: Guid(180cc735709b9764484d6db526b96ff8) Importer(815301076,1909f56bfc062723c751e8b465ee728b)
Start importing Assets/GameArt/PlaceHolder/Complete_GUI_Essential_Pack_Free_Version/01_Basic_Collection/01_Flat_Theme/Sprites/UI_Flat_Scrollbar_Handle_03.png using Guid(180cc735709b9764484d6db526b96ff8) Importer(815301076,1909f56bfc062723c751e8b465ee728b)  -> (artifact id: '977a44a0f4cf1a866df77394461b15e0') in 0.009863 seconds
Number of updated asset objects reloaded before import = 0
Number of asset objects unloaded after import = 3
========================================================================
Received Import Request.
  Time since last request: 19.726865 seconds.
  path: Assets/GameArt/PlaceHolder/Complete_GUI_Essential_Pack_Free_Version/01_Basic_Collection/01_Flat_Theme/Sprites/UI_Flat_Select_01a1.png
  artifactKey: Guid(9d1fd71848ac6fa4fa3b3bf096367289) Importer(815301076,1909f56bfc062723c751e8b465ee728b)
Start importing Assets/GameArt/PlaceHolder/Complete_GUI_Essential_Pack_Free_Version/01_Basic_Collection/01_Flat_Theme/Sprites/UI_Flat_Select_01a1.png using Guid(9d1fd71848ac6fa4fa3b3bf096367289) Importer(815301076,1909f56bfc062723c751e8b465ee728b)  -> (artifact id: 'e6b1c166c1c43d259173eaf4da6ed878') in 0.009580 seconds
Number of updated asset objects reloaded before import = 0
Number of asset objects unloaded after import = 3
========================================================================
Received Import Request.
  Time since last request: 0.064050 seconds.
  path: Assets/GameArt/PlaceHolder/Complete_GUI_Essential_Pack_Free_Version/01_Basic_Collection/01_Flat_Theme/Sprites/UI_Flat_Select_01a3.png
  artifactKey: Guid(13afd7cce1a75fb4c91052ed0e4ad28a) Importer(815301076,1909f56bfc062723c751e8b465ee728b)
Start importing Assets/GameArt/PlaceHolder/Complete_GUI_Essential_Pack_Free_Version/01_Basic_Collection/01_Flat_Theme/Sprites/UI_Flat_Select_01a3.png using Guid(13afd7cce1a75fb4c91052ed0e4ad28a) Importer(815301076,1909f56bfc062723c751e8b465ee728b)  -> (artifact id: '3e936ea68af5569d59d723a8af1fe72d') in 0.008436 seconds
Number of updated asset objects reloaded before import = 0
Number of asset objects unloaded after import = 3
========================================================================
Received Import Request.
  Time since last request: 0.023383 seconds.
  path: Assets/GameArt/PlaceHolder/Complete_GUI_Essential_Pack_Free_Version/01_Basic_Collection/01_Flat_Theme/Sprites/UI_Flat_Select_02a1.png
  artifactKey: Guid(11c78cfdd2c6b744283522dcab6d276f) Importer(815301076,1909f56bfc062723c751e8b465ee728b)
Start importing Assets/GameArt/PlaceHolder/Complete_GUI_Essential_Pack_Free_Version/01_Basic_Collection/01_Flat_Theme/Sprites/UI_Flat_Select_02a1.png using Guid(11c78cfdd2c6b744283522dcab6d276f) Importer(815301076,1909f56bfc062723c751e8b465ee728b)  -> (artifact id: 'f576bcd830605b89f629a5b3e17e4771') in 0.006334 seconds
Number of updated asset objects reloaded before import = 0
Number of asset objects unloaded after import = 3
========================================================================
Received Import Request.
  Time since last request: 0.367829 seconds.
  path: Assets/GameArt/PlaceHolder/Complete_GUI_Essential_Pack_Free_Version/01_Basic_Collection/01_Flat_Theme/Sprites/UI_Flat_Select_02a3.png
  artifactKey: Guid(53e89ba419e30a2469938b15624458fd) Importer(815301076,1909f56bfc062723c751e8b465ee728b)
Start importing Assets/GameArt/PlaceHolder/Complete_GUI_Essential_Pack_Free_Version/01_Basic_Collection/01_Flat_Theme/Sprites/UI_Flat_Select_02a3.png using Guid(53e89ba419e30a2469938b15624458fd) Importer(815301076,1909f56bfc062723c751e8b465ee728b)  -> (artifact id: '670bb4d312114576bd204f6d4146cbc6') in 0.011149 seconds
Number of updated asset objects reloaded before import = 0
Number of asset objects unloaded after import = 3
========================================================================
Received Import Request.
  Time since last request: 0.027352 seconds.
  path: Assets/GameArt/PlaceHolder/Complete_GUI_Essential_Pack_Free_Version/01_Basic_Collection/01_Flat_Theme/Sprites/UI_Flat_Slider.png
  artifactKey: Guid(eb1bcf5006ae832469eee3ad8f83a9c9) Importer(815301076,1909f56bfc062723c751e8b465ee728b)
Start importing Assets/GameArt/PlaceHolder/Complete_GUI_Essential_Pack_Free_Version/01_Basic_Collection/01_Flat_Theme/Sprites/UI_Flat_Slider.png using Guid(eb1bcf5006ae832469eee3ad8f83a9c9) Importer(815301076,1909f56bfc062723c751e8b465ee728b)  -> (artifact id: '46d739a0fba4dadd8b6ea5cc941c81f6') in 0.007734 seconds
Number of updated asset objects reloaded before import = 0
Number of asset objects unloaded after import = 3
========================================================================
Received Import Request.
  Time since last request: 0.028802 seconds.
  path: Assets/GameArt/PlaceHolder/Complete_GUI_Essential_Pack_Free_Version/01_Basic_Collection/01_Flat_Theme/Sprites/UI_Flat_Slot_01_Available.png
  artifactKey: Guid(0b983e6ea79249149843a8c5513f8128) Importer(815301076,1909f56bfc062723c751e8b465ee728b)
Start importing Assets/GameArt/PlaceHolder/Complete_GUI_Essential_Pack_Free_Version/01_Basic_Collection/01_Flat_Theme/Sprites/UI_Flat_Slot_01_Available.png using Guid(0b983e6ea79249149843a8c5513f8128) Importer(815301076,1909f56bfc062723c751e8b465ee728b)  -> (artifact id: '4ce1633645fc03ad2364c8f8eb7b2912') in 0.013301 seconds
Number of updated asset objects reloaded before import = 0
Number of asset objects unloaded after import = 3
========================================================================
Received Prepare
Begin MonoManager ReloadAssembly
- Loaded All Assemblies, in  0.376 seconds
Refreshing native plugins compatible for Editor in 4.35 ms, found 4 plugins.
Native extension for WindowsStandalone target not found
Native extension for Android target not found
Native extension for WebGL target not found
[Package Manager] Server::EnsureServerProcessIsRunning -- launch failed, reason: Unity was launched with the -noUpm command-line argument
[Package Manager] UpmClient::Send -- Unable to send message (not connected to UPM process).
[Package Manager] Cannot connect to Unity Package Manager local server
Mono: successfully reloaded assembly
- Finished resetting the current domain, in  0.838 seconds
Domain Reload Profiling: 1212ms
	BeginReloadAssembly (139ms)
		ExecutionOrderSort (0ms)
		DisableScriptedObjects (9ms)
		BackupInstance (0ms)
		ReleaseScriptingObjects (0ms)
		CreateAndSetChildDomain (33ms)
	RebuildCommonClasses (25ms)
	RebuildNativeTypeToScriptingClass (8ms)
	initialDomainReloadingComplete (27ms)
	LoadAllAssembliesAndSetupDomain (174ms)
		LoadAssemblies (232ms)
		RebuildTransferFunctionScriptingTraits (0ms)
		AnalyzeDomain (13ms)
			TypeCache.Refresh (4ms)
				TypeCache.ScanAssembly (0ms)
			ScanForSourceGeneratedMonoScriptInfo (0ms)
			ResolveRequiredComponents (8ms)
	FinalizeReload (838ms)
		ReleaseScriptCaches (0ms)
		RebuildScriptCaches (0ms)
		SetupLoadedEditorAssemblies (400ms)
			LogAssemblyErrors (0ms)
			InitializePlatformSupportModulesInManaged (24ms)
			SetLoadedEditorAssemblies (2ms)
			RefreshPlugins (0ms)
			BeforeProcessingInitializeOnLoad (67ms)
			ProcessInitializeOnLoadAttributes (271ms)
			ProcessInitializeOnLoadMethodAttributes (25ms)
			AfterProcessingInitializeOnLoad (11ms)
			EditorAssembliesLoaded (0ms)
		ExecutionOrderSort2 (0ms)
		AwakeInstancesAfterBackupRestoration (10ms)
Refreshing native plugins compatible for Editor in 3.12 ms, found 4 plugins.
Preloading 0 native plugins for Editor in 0.00 ms.
Unloading 4416 Unused Serialized files (Serialized files now loaded: 0)
Unloading 44 unused Assets / (217.4 KB). Loaded Objects now: 4926.
Memory consumption went from 159.4 MB to 159.1 MB.
Total: 3.317400 ms (FindLiveObjects: 0.320500 ms CreateObjectMapping: 0.167400 ms MarkObjects: 2.664600 ms  DeleteObjects: 0.164100 ms)

Prepare: number of updated asset objects reloaded= 0
AssetImportParameters requested are different than current active one (requested -> active):
  custom:container-demuxer-ogg: 62fdf1f143b41e24485cea50d1cbac27 -> 
  custom:video-codec-MediaFoundation-h265: 746d11721c4dcdbdad8f713fa42b33f4 -> 
  custom:video-decoder-ogg-theora: a1e56fd34408186e4bbccfd4996cb3dc -> 
  custom:framework-win-MediaFoundation: 216162199b28c13a410421893ffa2e32 -> 
  custom:CustomObjectIndexerAttribute: 9a22284fe3817be447336de3de66b15e -> 
  custom:container-demuxer-webm: 4f35f7cbe854078d1ac9338744f61a02 -> 
  custom:container-muxer-webm: aa71ff27fc2769a1b78a27578f13a17b -> 
  custom:video-decoder-webm-vp8: 9c59270c3fd7afecdb556c50c9e8de78 -> 
  custom:SearchIndexIgnoredProperties: e643bd26f0fe6173181afceb89e7c659 -> 
  custom:AudioImporter_EditorPlatform: d09bf68614088b80899f8185d706f6e7 -> 
  custom:video-encoder-webm-vp8: eb34c28f22e8b96e1ab97ce403110664 -> 
  custom:audio-decoder-ogg-vorbis: bf7c407c2cedff20999df2af8eb42d56 -> 
  custom:audio-encoder-webm-vorbis: bf7c407c2cedff20999df2af8eb42d56 -> 
========================================================================
Received Import Request.
  Time since last request: 159.223714 seconds.
  path: Assets/GameArt/PlaceHolder/Complete_GUI_Essential_Pack_Free_Version/01_Basic_Collection/01_Flat_Theme/Sprites/UI_Flat_Textfield_02.png
  artifactKey: Guid(fbbf71b2065972d4f9bd9ba01896f68d) Importer(815301076,1909f56bfc062723c751e8b465ee728b)
Start importing Assets/GameArt/PlaceHolder/Complete_GUI_Essential_Pack_Free_Version/01_Basic_Collection/01_Flat_Theme/Sprites/UI_Flat_Textfield_02.png using Guid(fbbf71b2065972d4f9bd9ba01896f68d) Importer(815301076,1909f56bfc062723c751e8b465ee728b)  -> (artifact id: 'ecd155e99fd3ab2fe0e6d3ee1b4e6d4d') in 0.044085 seconds
Number of updated asset objects reloaded before import = 0
Number of asset objects unloaded after import = 3
========================================================================
Received Prepare
Begin MonoManager ReloadAssembly
- Loaded All Assemblies, in  0.362 seconds
Refreshing native plugins compatible for Editor in 2.88 ms, found 4 plugins.
Native extension for WindowsStandalone target not found
Native extension for Android target not found
Native extension for WebGL target not found
[Package Manager] Server::EnsureServerProcessIsRunning -- launch failed, reason: Unity was launched with the -noUpm command-line argument
[Package Manager] UpmClient::Send -- Unable to send message (not connected to UPM process).
[Package Manager] Cannot connect to Unity Package Manager local server
Mono: successfully reloaded assembly
- Finished resetting the current domain, in  0.853 seconds
Domain Reload Profiling: 1213ms
	BeginReloadAssembly (133ms)
		ExecutionOrderSort (0ms)
		DisableScriptedObjects (9ms)
		BackupInstance (0ms)
		ReleaseScriptingObjects (0ms)
		CreateAndSetChildDomain (32ms)
	RebuildCommonClasses (23ms)
	RebuildNativeTypeToScriptingClass (9ms)
	initialDomainReloadingComplete (24ms)
	LoadAllAssembliesAndSetupDomain (170ms)
		LoadAssemblies (226ms)
		RebuildTransferFunctionScriptingTraits (0ms)
		AnalyzeDomain (10ms)
			TypeCache.Refresh (4ms)
				TypeCache.ScanAssembly (0ms)
			ScanForSourceGeneratedMonoScriptInfo (0ms)
			ResolveRequiredComponents (5ms)
	FinalizeReload (854ms)
		ReleaseScriptCaches (0ms)
		RebuildScriptCaches (0ms)
		SetupLoadedEditorAssemblies (408ms)
			LogAssemblyErrors (0ms)
			InitializePlatformSupportModulesInManaged (24ms)
			SetLoadedEditorAssemblies (2ms)
			RefreshPlugins (0ms)
			BeforeProcessingInitializeOnLoad (63ms)
			ProcessInitializeOnLoadAttributes (283ms)
			ProcessInitializeOnLoadMethodAttributes (27ms)
			AfterProcessingInitializeOnLoad (9ms)
			EditorAssembliesLoaded (0ms)
		ExecutionOrderSort2 (0ms)
		AwakeInstancesAfterBackupRestoration (11ms)
Refreshing native plugins compatible for Editor in 3.64 ms, found 4 plugins.
Preloading 0 native plugins for Editor in 0.00 ms.
Unloading 4416 Unused Serialized files (Serialized files now loaded: 0)
Unloading 44 unused Assets / (217.6 KB). Loaded Objects now: 4932.
Memory consumption went from 159.4 MB to 159.2 MB.
Total: 3.473700 ms (FindLiveObjects: 0.299800 ms CreateObjectMapping: 0.199100 ms MarkObjects: 2.823200 ms  DeleteObjects: 0.151000 ms)

Prepare: number of updated asset objects reloaded= 0
AssetImportParameters requested are different than current active one (requested -> active):
  custom:container-demuxer-ogg: 62fdf1f143b41e24485cea50d1cbac27 -> 
  custom:video-codec-MediaFoundation-h265: 746d11721c4dcdbdad8f713fa42b33f4 -> 
  custom:video-decoder-ogg-theora: a1e56fd34408186e4bbccfd4996cb3dc -> 
  custom:framework-win-MediaFoundation: 216162199b28c13a410421893ffa2e32 -> 
  custom:CustomObjectIndexerAttribute: 9a22284fe3817be447336de3de66b15e -> 
  custom:container-demuxer-webm: 4f35f7cbe854078d1ac9338744f61a02 -> 
  custom:container-muxer-webm: aa71ff27fc2769a1b78a27578f13a17b -> 
  custom:video-decoder-webm-vp8: 9c59270c3fd7afecdb556c50c9e8de78 -> 
  custom:SearchIndexIgnoredProperties: e643bd26f0fe6173181afceb89e7c659 -> 
  custom:AudioImporter_EditorPlatform: d09bf68614088b80899f8185d706f6e7 -> 
  custom:video-encoder-webm-vp8: eb34c28f22e8b96e1ab97ce403110664 -> 
  custom:audio-decoder-ogg-vorbis: bf7c407c2cedff20999df2af8eb42d56 -> 
  custom:audio-encoder-webm-vorbis: bf7c407c2cedff20999df2af8eb42d56 -> 
